<?xml version="1.0" encoding="UTF-8"?>
<!-- Generated by org.testng.reporters.JUnitReportReporter -->
<testsuite hostname="DESKTOP-HLE1PTI" failures="0" tests="3" name="com.test.TestngBasic" time="0.055" errors="0" timestamp="2021-04-27T21:19:24 IST" skipped="0">
  <testcase classname="com.test.TestngBasic" name="googleLogoTest" time="0.049"/>
  <system-out/>
  <testcase classname="com.test.TestngBasic" name="googleTitleTest" time="0.002"/>
  <system-out/>
  <testcase classname="com.test.TestngBasic" name="searchTest" time="0.004"/>
  <system-out/>
</testsuite> <!-- com.test.TestngBasic -->
