<?xml version="1.0" encoding="UTF-8"?>
<!-- Generated by org.testng.reporters.JUnitReportReporter -->
<testsuite hostname="DESKTOP-HLE1PTI" failures="0" tests="1" name="com.test.GoogleTest" time="25.757" errors="0" timestamp="2021-04-28T13:32:41 IST" skipped="0">
  <testcase classname="com.test.GoogleTest" name="googleTitleTest" time="25.757"/>
  <system-out/>
</testsuite> <!-- com.test.GoogleTest -->
